# JRE version: OpenJDK Runtime Environment (8.0_152-b06) (build 1.8.0_152-release-1136-b06)
# Java VM: OpenJDK 64-Bit Server VM (25.152-b06 mixed mode linux-amd64 compressed oops)
Heap:
 PSYoungGen      total 43008K, used 0K [0x00000000e0000000, 0x00000000e3d80000, 0x0000000100000000)
  eden space 33280K, 0% used [0x00000000e0000000,0x00000000e0000000,0x00000000e2080000)
  from space 9728K, 0% used [0x00000000e2080000,0x00000000e2080000,0x00000000e2a00000)
  to   space 11264K, 0% used [0x00000000e3280000,0x00000000e3280000,0x00000000e3d80000)
 ParOldGen       total 41472K, used 16613K [0x00000000a0000000, 0x00000000a2880000, 0x00000000e0000000)
  object space 41472K, 40% used [0x00000000a0000000,0x00000000a1039708,0x00000000a2880000)
 Metaspace       used 34481K, capacity 35198K, committed 35416K, reserved 1079296K
  class space    used 4847K, capacity 5126K, committed 5208K, reserved 1048576K
GC Heap History (10 events):
Event: 15.197 GC heap after
Heap after GC invocations=10 (full 1):
 PSYoungGen      total 37376K, used 4316K [0x00000000e0000000, 0x00000000e2d80000, 0x0000000100000000)
  eden space 29184K, 0% used [0x00000000e0000000,0x00000000e0000000,0x00000000e1c80000)
  from space 8192K, 52% used [0x00000000e1c80000,0x00000000e20b7158,0x00000000e2480000)
  to   space 7680K, 0% used [0x00000000e2600000,0x00000000e2600000,0x00000000e2d80000)
 ParOldGen       total 41472K, used 8437K [0x00000000a0000000, 0x00000000a2880000, 0x00000000e0000000)
  object space 41472K, 20% used [0x00000000a0000000,0x00000000a083d4a0,0x00000000a2880000)
 Metaspace       used 25412K, capacity 25886K, committed 26368K, reserved 1071104K
  class space    used 3561K, capacity 3725K, committed 3840K, reserved 1048576K
}
Event: 18.579 GC heap before
{Heap before GC invocations=11 (full 1):
 PSYoungGen      total 37376K, used 33500K [0x00000000e0000000, 0x00000000e2d80000, 0x0000000100000000)
  eden space 29184K, 100% used [0x00000000e0000000,0x00000000e1c80000,0x00000000e1c80000)
  from space 8192K, 52% used [0x00000000e1c80000,0x00000000e20b7158,0x00000000e2480000)
  to   space 7680K, 0% used [0x00000000e2600000,0x00000000e2600000,0x00000000e2d80000)
 ParOldGen       total 41472K, used 8437K [0x00000000a0000000, 0x00000000a2880000, 0x00000000e0000000)
  object space 41472K, 20% used [0x00000000a0000000,0x00000000a083d4a0,0x00000000a2880000)
 Metaspace       used 27459K, capacity 28088K, committed 28416K, reserved 1073152K
  class space    used 3807K, capacity 4008K, committed 4096K, reserved 1048576K
Event: 18.594 GC heap after
Heap after GC invocations=11 (full 1):
 PSYoungGen      total 38912K, used 5469K [0x00000000e0000000, 0x00000000e2d80000, 0x0000000100000000)
  eden space 31232K, 0% used [0x00000000e0000000,0x00000000e0000000,0x00000000e1e80000)
  from space 7680K, 71% used [0x00000000e2600000,0x00000000e2b57450,0x00000000e2d80000)
  to   space 7680K, 0% used [0x00000000e1e80000,0x00000000e1e80000,0x00000000e2600000)
 ParOldGen       total 41472K, used 8445K [0x00000000a0000000, 0x00000000a2880000, 0x00000000e0000000)
  object space 41472K, 20% used [0x00000000a0000000,0x00000000a083f4a0,0x00000000a2880000)
 Metaspace       used 27459K, capacity 28088K, committed 28416K, reserved 1073152K
  class space    used 3807K, capacity 4008K, committed 4096K, reserved 1048576K
}
Event: 21.127 GC heap before
{Heap before GC invocations=12 (full 1):
 PSYoungGen      total 38912K, used 36701K [0x00000000e0000000, 0x00000000e2d80000, 0x0000000100000000)
  eden space 31232K, 100% used [0x00000000e0000000,0x00000000e1e80000,0x00000000e1e80000)
  from space 7680K, 71% used [0x00000000e2600000,0x00000000e2b57450,0x00000000e2d80000)
  to   space 7680K, 0% used [0x00000000e1e80000,0x00000000e1e80000,0x00000000e2600000)
 ParOldGen       total 41472K, used 8445K [0x00000000a0000000, 0x00000000a2880000, 0x00000000e0000000)
  object space 41472K, 20% used [0x00000000a0000000,0x00000000a083f4a0,0x00000000a2880000)
 Metaspace       used 29443K, capacity 30108K, committed 30336K, reserved 1075200K
  class space    used 4170K, capacity 4383K, committed 4480K, reserved 1048576K
Event: 21.194 GC heap after
Heap after GC invocations=12 (full 1):
 PSYoungGen      total 38912K, used 7671K [0x00000000e0000000, 0x00000000e3280000, 0x0000000100000000)
  eden space 31232K, 0% used [0x00000000e0000000,0x00000000e0000000,0x00000000e1e80000)
  from space 7680K, 99% used [0x00000000e1e80000,0x00000000e25fdc08,0x00000000e2600000)
  to   space 8704K, 0% used [0x00000000e2a00000,0x00000000e2a00000,0x00000000e3280000)
 ParOldGen       total 41472K, used 8453K [0x00000000a0000000, 0x00000000a2880000, 0x00000000e0000000)
  object space 41472K, 20% used [0x00000000a0000000,0x00000000a08414a0,0x00000000a2880000)
 Metaspace       used 29443K, capacity 30108K, committed 30336K, reserved 1075200K
  class space    used 4170K, capacity 4383K, committed 4480K, reserved 1048576K
}
Event: 79.551 GC heap before
{Heap before GC invocations=13 (full 1):
 PSYoungGen      total 38912K, used 38903K [0x00000000e0000000, 0x00000000e3280000, 0x0000000100000000)
  eden space 31232K, 100% used [0x00000000e0000000,0x00000000e1e80000,0x00000000e1e80000)
  from space 7680K, 99% used [0x00000000e1e80000,0x00000000e25fdc08,0x00000000e2600000)
  to   space 8704K, 0% used [0x00000000e2a00000,0x00000000e2a00000,0x00000000e3280000)
 ParOldGen       total 41472K, used 8453K [0x00000000a0000000, 0x00000000a2880000, 0x00000000e0000000)
  object space 41472K, 20% used [0x00000000a0000000,0x00000000a08414a0,0x00000000a2880000)
 Metaspace       used 31123K, capacity 31760K, committed 32128K, reserved 1077248K
  class space    used 4396K, capacity 4658K, committed 4736K, reserved 1048576K
Event: 79.964 GC heap after
Heap after GC invocations=13 (full 1):
 PSYoungGen      total 41984K, used 8673K [0x00000000e0000000, 0x00000000e3400000, 0x0000000100000000)
  eden space 33280K, 0% used [0x00000000e0000000,0x00000000e0000000,0x00000000e2080000)
  from space 8704K, 99% used [0x00000000e2a00000,0x00000000e32784e8,0x00000000e3280000)
  to   space 9728K, 0% used [0x00000000e2080000,0x00000000e2080000,0x00000000e2a00000)
 ParOldGen       total 41472K, used 8999K [0x00000000a0000000, 0x00000000a2880000, 0x00000000e0000000)
  object space 41472K, 21% used [0x00000000a0000000,0x00000000a08c9f78,0x00000000a2880000)
 Metaspace       used 31123K, capacity 31760K, committed 32128K, reserved 1077248K
  class space    used 4396K, capacity 4658K, committed 4736K, reserved 1048576K
}
Event: 105.221 GC heap before
{Heap before GC invocations=14 (full 1):
 PSYoungGen      total 41984K, used 24025K [0x00000000e0000000, 0x00000000e3400000, 0x0000000100000000)
  eden space 33280K, 46% used [0x00000000e0000000,0x00000000e0efe008,0x00000000e2080000)
  from space 8704K, 99% used [0x00000000e2a00000,0x00000000e32784e8,0x00000000e3280000)
  to   space 9728K, 0% used [0x00000000e2080000,0x00000000e2080000,0x00000000e2a00000)
 ParOldGen       total 41472K, used 8999K [0x00000000a0000000, 0x00000000a2880000, 0x00000000e0000000)
  object space 41472K, 21% used [0x00000000a0000000,0x00000000a08c9f78,0x00000000a2880000)
 Metaspace       used 34481K, capacity 35198K, committed 35416K, reserved 1079296K
  class space    used 4847K, capacity 5126K, committed 5208K, reserved 1048576K
Event: 108.572 GC heap after
Heap after GC invocations=14 (full 1):
 PSYoungGen      total 43008K, used 9722K [0x00000000e0000000, 0x00000000e3d80000, 0x0000000100000000)
  eden space 33280K, 0% used [0x00000000e0000000,0x00000000e0000000,0x00000000e2080000)
  from space 9728K, 99% used [0x00000000e2080000,0x00000000e29feb70,0x00000000e2a00000)
  to   space 11264K, 0% used [0x00000000e3280000,0x00000000e3280000,0x00000000e3d80000)
 ParOldGen       total 41472K, used 9402K [0x00000000a0000000, 0x00000000a2880000, 0x00000000e0000000)
  object space 41472K, 22% used [0x00000000a0000000,0x00000000a092ebf0,0x00000000a2880000)
 Metaspace       used 34481K, capacity 35198K, committed 35416K, reserved 1079296K
  class space    used 4847K, capacity 5126K, committed 5208K, reserved 1048576K
}
Event: 108.587 GC heap before
{Heap before GC invocations=15 (full 2):
 PSYoungGen      total 43008K, used 9722K [0x00000000e0000000, 0x00000000e3d80000, 0x0000000100000000)
  eden space 33280K, 0% used [0x00000000e0000000,0x00000000e0000000,0x00000000e2080000)
  from space 9728K, 99% used [0x00000000e2080000,0x00000000e29feb70,0x00000000e2a00000)
  to   space 11264K, 0% used [0x00000000e3280000,0x00000000e3280000,0x00000000e3d80000)
 ParOldGen       total 41472K, used 9402K [0x00000000a0000000, 0x00000000a2880000, 0x00000000e0000000)
  object space 41472K, 22% used [0x00000000a0000000,0x00000000a092ebf0,0x00000000a2880000)
 Metaspace       used 34481K, capacity 35198K, committed 35416K, reserved 1079296K
  class space    used 4847K, capacity 5126K, committed 5208K, reserved 1048576K

